# JRE version: OpenJDK Runtime Environment (8.0) (build 1.8.0-adoptopenjdk-_2018_05_19_00_59-b00)
# Java VM: OpenJDK 64-Bit Server VM (25.71-b00 mixed mode windows-amd64 compressed oops)
Heap:
 PSYoungGen      total 21504K, used 9352K [0x000000076ab00000, 0x000000076d500000, 0x00000007c0000000)
  eden space 16384K, 36% used [0x000000076ab00000,0x000000076b0d0878,0x000000076bb00000)
  from space 5120K, 66% used [0x000000076bb00000,0x000000076be51878,0x000000076c000000)
  to   space 5120K, 0% used [0x000000076d000000,0x000000076d000000,0x000000076d500000)
 ParOldGen       total 44032K, used 5477K [0x00000006c0000000, 0x00000006c2b00000, 0x000000076ab00000)
  object space 44032K, 12% used [0x00000006c0000000,0x00000006c0559670,0x00000006c2b00000)
 Metaspace       used 14783K, capacity 15148K, committed 15360K, reserved 1062912K
  class space    used 2085K, capacity 2206K, committed 2304K, reserved 1048576K
GC Heap History (10 events):
Event: 4.916 GC heap before
{Heap before GC invocations=3 (full 0):
 PSYoungGen      total 18944K, used 18913K [0x000000076ab00000, 0x000000076c000000, 0x00000007c0000000)
  eden space 16384K, 100% used [0x000000076ab00000,0x000000076bb00000,0x000000076bb00000)
  from space 2560K, 98% used [0x000000076bd80000,0x000000076bff8798,0x000000076c000000)
  to   space 2560K, 0% used [0x000000076bb00000,0x000000076bb00000,0x000000076bd80000)
 ParOldGen       total 44032K, used 584K [0x00000006c0000000, 0x00000006c2b00000, 0x000000076ab00000)
  object space 44032K, 1% used [0x00000006c0000000,0x00000006c0092130,0x00000006c2b00000)
 Metaspace       used 7129K, capacity 7366K, committed 7680K, reserved 1056768K
  class space    used 864K, capacity 950K, committed 1024K, reserved 1048576K
Event: 4.920 GC heap after
Heap after GC invocations=3 (full 0):
 PSYoungGen      total 18944K, used 2528K [0x000000076ab00000, 0x000000076c000000, 0x00000007c0000000)
  eden space 16384K, 0% used [0x000000076ab00000,0x000000076ab00000,0x000000076bb00000)
  from space 2560K, 98% used [0x000000076bb00000,0x000000076bd78020,0x000000076bd80000)
  to   space 2560K, 0% used [0x000000076bd80000,0x000000076bd80000,0x000000076c000000)
 ParOldGen       total 44032K, used 904K [0x00000006c0000000, 0x00000006c2b00000, 0x000000076ab00000)
  object space 44032K, 2% used [0x00000006c0000000,0x00000006c00e23b0,0x00000006c2b00000)
 Metaspace       used 7129K, capacity 7366K, committed 7680K, reserved 1056768K
  class space    used 864K, capacity 950K, committed 1024K, reserved 1048576K
}
Event: 5.331 GC heap before
{Heap before GC invocations=4 (full 0):
 PSYoungGen      total 18944K, used 18912K [0x000000076ab00000, 0x000000076c000000, 0x00000007c0000000)
  eden space 16384K, 100% used [0x000000076ab00000,0x000000076bb00000,0x000000076bb00000)
  from space 2560K, 98% used [0x000000076bb00000,0x000000076bd78020,0x000000076bd80000)
  to   space 2560K, 0% used [0x000000076bd80000,0x000000076bd80000,0x000000076c000000)
 ParOldGen       total 44032K, used 904K [0x00000006c0000000, 0x00000006c2b00000, 0x000000076ab00000)
  object space 44032K, 2% used [0x00000006c0000000,0x00000006c00e23b0,0x00000006c2b00000)
 Metaspace       used 8214K, capacity 8494K, committed 8576K, reserved 1056768K
  class space    used 1039K, capacity 1113K, committed 1152K, reserved 1048576K
Event: 5.338 GC heap after
Heap after GC invocations=4 (full 0):
 PSYoungGen      total 18944K, used 2544K [0x000000076ab00000, 0x000000076c000000, 0x00000007c0000000)
  eden space 16384K, 0% used [0x000000076ab00000,0x000000076ab00000,0x000000076bb00000)
  from space 2560K, 99% used [0x000000076bd80000,0x000000076bffc010,0x000000076c000000)
  to   space 2560K, 0% used [0x000000076bb00000,0x000000076bb00000,0x000000076bd80000)
 ParOldGen       total 44032K, used 1995K [0x00000006c0000000, 0x00000006c2b00000, 0x000000076ab00000)
  object space 44032K, 4% used [0x00000006c0000000,0x00000006c01f2e78,0x00000006c2b00000)
 Metaspace       used 8214K, capacity 8494K, committed 8576K, reserved 1056768K
  class space    used 1039K, capacity 1113K, committed 1152K, reserved 1048576K
}
Event: 6.882 GC heap before
{Heap before GC invocations=5 (full 0):
 PSYoungGen      total 18944K, used 18928K [0x000000076ab00000, 0x000000076c000000, 0x00000007c0000000)
  eden space 16384K, 100% used [0x000000076ab00000,0x000000076bb00000,0x000000076bb00000)
  from space 2560K, 99% used [0x000000076bd80000,0x000000076bffc010,0x000000076c000000)
  to   space 2560K, 0% used [0x000000076bb00000,0x000000076bb00000,0x000000076bd80000)
 ParOldGen       total 44032K, used 1995K [0x00000006c0000000, 0x00000006c2b00000, 0x000000076ab00000)
  object space 44032K, 4% used [0x00000006c0000000,0x00000006c01f2e78,0x00000006c2b00000)
 Metaspace       used 11662K, capacity 11926K, committed 12288K, reserved 1060864K
  class space    used 1561K, capacity 1681K, committed 1792K, reserved 1048576K
Event: 6.896 GC heap after
Heap after GC invocations=5 (full 0):
 PSYoungGen      total 18944K, used 2544K [0x000000076ab00000, 0x000000076c500000, 0x00000007c0000000)
  eden space 16384K, 0% used [0x000000076ab00000,0x000000076ab00000,0x000000076bb00000)
  from space 2560K, 99% used [0x000000076bb00000,0x000000076bd7c010,0x000000076bd80000)
  to   space 5120K, 0% used [0x000000076c000000,0x000000076c000000,0x000000076c500000)
 ParOldGen       total 44032K, used 4320K [0x00000006c0000000, 0x00000006c2b00000, 0x000000076ab00000)
  object space 44032K, 9% used [0x00000006c0000000,0x00000006c0438218,0x00000006c2b00000)
 Metaspace       used 11662K, capacity 11926K, committed 12288K, reserved 1060864K
  class space    used 1561K, capacity 1681K, committed 1792K, reserved 1048576K
}
Event: 7.417 GC heap before
{Heap before GC invocations=6 (full 0):
 PSYoungGen      total 18944K, used 18928K [0x000000076ab00000, 0x000000076c500000, 0x00000007c0000000)
  eden space 16384K, 100% used [0x000000076ab00000,0x000000076bb00000,0x000000076bb00000)
  from space 2560K, 99% used [0x000000076bb00000,0x000000076bd7c010,0x000000076bd80000)
  to   space 5120K, 0% used [0x000000076c000000,0x000000076c000000,0x000000076c500000)
 ParOldGen       total 44032K, used 4320K [0x00000006c0000000, 0x00000006c2b00000, 0x000000076ab00000)
  object space 44032K, 9% used [0x00000006c0000000,0x00000006c0438218,0x00000006c2b00000)
 Metaspace       used 13092K, capacity 13372K, committed 13696K, reserved 1060864K
  class space    used 1790K, capacity 1908K, committed 1920K, reserved 1048576K
Event: 7.432 GC heap after
Heap after GC invocations=6 (full 0):
 PSYoungGen      total 21504K, used 4465K [0x000000076ab00000, 0x000000076d500000, 0x00000007c0000000)
  eden space 16384K, 0% used [0x000000076ab00000,0x000000076ab00000,0x000000076bb00000)
  from space 5120K, 87% used [0x000000076c000000,0x000000076c45c5c0,0x000000076c500000)
  to   space 5120K, 0% used [0x000000076bb00000,0x000000076bb00000,0x000000076c000000)
 ParOldGen       total 44032K, used 4320K [0x00000006c0000000, 0x00000006c2b00000, 0x000000076ab00000)
  object space 44032K, 9% used [0x00000006c0000000,0x00000006c0438218,0x00000006c2b00000)
 Metaspace       used 13092K, capacity 13372K, committed 13696K, reserved 1060864K
  class space    used 1790K, capacity 1908K, committed 1920K, reserved 1048576K
}
Event: 7.906 GC heap before
{Heap before GC invocations=7 (full 0):
 PSYoungGen      total 21504K, used 20849K [0x000000076ab00000, 0x000000076d500000, 0x00000007c0000000)
  eden space 16384K, 100% used [0x000000076ab00000,0x000000076bb00000,0x000000076bb00000)
  from space 5120K, 87% used [0x000000076c000000,0x000000076c45c5c0,0x000000076c500000)
  to   space 5120K, 0% used [0x000000076bb00000,0x000000076bb00000,0x000000076c000000)
 ParOldGen       total 44032K, used 4320K [0x00000006c0000000, 0x00000006c2b00000, 0x000000076ab00000)
  object space 44032K, 9% used [0x00000006c0000000,0x00000006c0438218,0x00000006c2b00000)
 Metaspace       used 14084K, capacity 14400K, committed 14720K, reserved 1062912K
  class space    used 1982K, capacity 2102K, committed 2176K, reserved 1048576K
Event: 7.951 GC heap after
Heap after GC invocations=7 (full 0):
 PSYoungGen      total 21504K, used 3398K [0x000000076ab00000, 0x000000076d500000, 0x00000007c0000000)
  eden space 16384K, 0% used [0x000000076ab00000,0x000000076ab00000,0x000000076bb00000)
  from space 5120K, 66% used [0x000000076bb00000,0x000000076be51878,0x000000076c000000)
  to   space 5120K, 0% used [0x000000076d000000,0x000000076d000000,0x000000076d500000)
 ParOldGen       total 44032K, used 5477K [0x00000006c0000000, 0x00000006c2b00000, 0x000000076ab00000)
  object space 44032K, 12% used [0x00000006c0000000,0x00000006c0559670,0x00000006c2b00000)
 Metaspace       used 14084K, capacity 14400K, committed 14720K, reserved 1062912K
  class space    used 1982K, capacity 2102K, committed 2176K, reserved 1048576K
}

