# JRE version: OpenJDK Runtime Environment (8.0) (build 1.8.0-adoptopenjdk-_2018_05_19_00_59-b00)
# Java VM: OpenJDK 64-Bit Server VM (25.71-b00 mixed mode windows-amd64 compressed oops)
Heap:
 PSYoungGen      total 37888K, used 30508K [0x000000076ab00000, 0x000000076d500000, 0x00000007c0000000)
  eden space 32768K, 79% used [0x000000076ab00000,0x000000076c486010,0x000000076cb00000)
  from space 5120K, 85% used [0x000000076d000000,0x000000076d445368,0x000000076d500000)
  to   space 5120K, 0% used [0x000000076cb00000,0x000000076cb00000,0x000000076d000000)
 ParOldGen       total 44032K, used 4350K [0x00000006c0000000, 0x00000006c2b00000, 0x000000076ab00000)
  object space 44032K, 9% used [0x00000006c0000000,0x00000006c043f888,0x00000006c2b00000)
 Metaspace       used 15088K, capacity 15476K, committed 15616K, reserved 1062912K
  class space    used 2133K, capacity 2270K, committed 2304K, reserved 1048576K
GC Heap History (10 events):
Event: 5.346 GC heap before
{Heap before GC invocations=2 (full 0):
 PSYoungGen      total 18944K, used 18928K [0x000000076ab00000, 0x000000076c000000, 0x00000007c0000000)
  eden space 16384K, 100% used [0x000000076ab00000,0x000000076bb00000,0x000000076bb00000)
  from space 2560K, 99% used [0x000000076bb00000,0x000000076bd7c108,0x000000076bd80000)
  to   space 2560K, 0% used [0x000000076bd80000,0x000000076bd80000,0x000000076c000000)
 ParOldGen       total 44032K, used 209K [0x00000006c0000000, 0x00000006c2b00000, 0x000000076ab00000)
  object space 44032K, 0% used [0x00000006c0000000,0x00000006c00344a8,0x00000006c2b00000)
 Metaspace       used 6983K, capacity 7196K, committed 7424K, reserved 1056768K
  class space    used 847K, capacity 912K, committed 1024K, reserved 1048576K
Event: 5.421 GC heap after
Heap after GC invocations=2 (full 0):
 PSYoungGen      total 18944K, used 2548K [0x000000076ab00000, 0x000000076d000000, 0x00000007c0000000)
  eden space 16384K, 0% used [0x000000076ab00000,0x000000076ab00000,0x000000076bb00000)
  from space 2560K, 99% used [0x000000076bd80000,0x000000076bffd140,0x000000076c000000)
  to   space 2560K, 0% used [0x000000076bb00000,0x000000076bb00000,0x000000076bd80000)
 ParOldGen       total 44032K, used 571K [0x00000006c0000000, 0x00000006c2b00000, 0x000000076ab00000)
  object space 44032K, 1% used [0x00000006c0000000,0x00000006c008ed00,0x00000006c2b00000)
 Metaspace       used 6983K, capacity 7196K, committed 7424K, reserved 1056768K
  class space    used 847K, capacity 912K, committed 1024K, reserved 1048576K
}
Event: 8.506 GC heap before
{Heap before GC invocations=3 (full 0):
 PSYoungGen      total 18944K, used 18928K [0x000000076ab00000, 0x000000076d000000, 0x00000007c0000000)
  eden space 16384K, 99% used [0x000000076ab00000,0x000000076baff0c8,0x000000076bb00000)
  from space 2560K, 99% used [0x000000076bd80000,0x000000076bffd140,0x000000076c000000)
  to   space 2560K, 0% used [0x000000076bb00000,0x000000076bb00000,0x000000076bd80000)
 ParOldGen       total 44032K, used 571K [0x00000006c0000000, 0x00000006c2b00000, 0x000000076ab00000)
  object space 44032K, 1% used [0x00000006c0000000,0x00000006c008ed00,0x00000006c2b00000)
 Metaspace       used 7142K, capacity 7374K, committed 7680K, reserved 1056768K
  class space    used 863K, capacity 950K, committed 1024K, reserved 1048576K
Event: 8.516 GC heap after
Heap after GC invocations=3 (full 0):
 PSYoungGen      total 18944K, used 2531K [0x000000076ab00000, 0x000000076c000000, 0x00000007c0000000)
  eden space 16384K, 0% used [0x000000076ab00000,0x000000076ab00000,0x000000076bb00000)
  from space 2560K, 98% used [0x000000076bb00000,0x000000076bd78e50,0x000000076bd80000)
  to   space 2560K, 0% used [0x000000076bd80000,0x000000076bd80000,0x000000076c000000)
 ParOldGen       total 44032K, used 886K [0x00000006c0000000, 0x00000006c2b00000, 0x000000076ab00000)
  object space 44032K, 2% used [0x00000006c0000000,0x00000006c00dda78,0x00000006c2b00000)
 Metaspace       used 7142K, capacity 7374K, committed 7680K, reserved 1056768K
  class space    used 863K, capacity 950K, committed 1024K, reserved 1048576K
}
Event: 9.192 GC heap before
{Heap before GC invocations=4 (full 0):
 PSYoungGen      total 18944K, used 18915K [0x000000076ab00000, 0x000000076c000000, 0x00000007c0000000)
  eden space 16384K, 100% used [0x000000076ab00000,0x000000076bb00000,0x000000076bb00000)
  from space 2560K, 98% used [0x000000076bb00000,0x000000076bd78e50,0x000000076bd80000)
  to   space 2560K, 0% used [0x000000076bd80000,0x000000076bd80000,0x000000076c000000)
 ParOldGen       total 44032K, used 886K [0x00000006c0000000, 0x00000006c2b00000, 0x000000076ab00000)
  object space 44032K, 2% used [0x00000006c0000000,0x00000006c00dda78,0x00000006c2b00000)
 Metaspace       used 8220K, capacity 8502K, committed 8576K, reserved 1056768K
  class space    used 1039K, capacity 1113K, committed 1152K, reserved 1048576K
Event: 9.205 GC heap after
Heap after GC invocations=4 (full 0):
 PSYoungGen      total 18944K, used 2544K [0x000000076ab00000, 0x000000076d000000, 0x00000007c0000000)
  eden space 16384K, 0% used [0x000000076ab00000,0x000000076ab00000,0x000000076bb00000)
  from space 2560K, 99% used [0x000000076bd80000,0x000000076bffc010,0x000000076c000000)
  to   space 2560K, 0% used [0x000000076bb00000,0x000000076bb00000,0x000000076bd80000)
 ParOldGen       total 44032K, used 1970K [0x00000006c0000000, 0x00000006c2b00000, 0x000000076ab00000)
  object space 44032K, 4% used [0x00000006c0000000,0x00000006c01ecbb0,0x00000006c2b00000)
 Metaspace       used 8220K, capacity 8502K, committed 8576K, reserved 1056768K
  class space    used 1039K, capacity 1113K, committed 1152K, reserved 1048576K
}
Event: 11.613 GC heap before
{Heap before GC invocations=5 (full 0):
 PSYoungGen      total 18944K, used 18928K [0x000000076ab00000, 0x000000076d000000, 0x00000007c0000000)
  eden space 16384K, 100% used [0x000000076ab00000,0x000000076bb00000,0x000000076bb00000)
  from space 2560K, 99% used [0x000000076bd80000,0x000000076bffc010,0x000000076c000000)
  to   space 2560K, 0% used [0x000000076bb00000,0x000000076bb00000,0x000000076bd80000)
 ParOldGen       total 44032K, used 1970K [0x00000006c0000000, 0x00000006c2b00000, 0x000000076ab00000)
  object space 44032K, 4% used [0x00000006c0000000,0x00000006c01ecbb0,0x00000006c2b00000)
 Metaspace       used 11660K, capacity 11934K, committed 12288K, reserved 1060864K
  class space    used 1559K, capacity 1681K, committed 1792K, reserved 1048576K
Event: 11.628 GC heap after
Heap after GC invocations=5 (full 0):
 PSYoungGen      total 18944K, used 2528K [0x000000076ab00000, 0x000000076d500000, 0x00000007c0000000)
  eden space 16384K, 0% used [0x000000076ab00000,0x000000076ab00000,0x000000076bb00000)
  from space 2560K, 98% used [0x000000076bb00000,0x000000076bd78020,0x000000076bd80000)
  to   space 5120K, 0% used [0x000000076d000000,0x000000076d000000,0x000000076d500000)
 ParOldGen       total 44032K, used 4342K [0x00000006c0000000, 0x00000006c2b00000, 0x000000076ab00000)
  object space 44032K, 9% used [0x00000006c0000000,0x00000006c043d888,0x00000006c2b00000)
 Metaspace       used 11660K, capacity 11934K, committed 12288K, reserved 1060864K
  class space    used 1559K, capacity 1681K, committed 1792K, reserved 1048576K
}
Event: 12.652 GC heap before
{Heap before GC invocations=6 (full 0):
 PSYoungGen      total 18944K, used 18912K [0x000000076ab00000, 0x000000076d500000, 0x00000007c0000000)
  eden space 16384K, 100% used [0x000000076ab00000,0x000000076bb00000,0x000000076bb00000)
  from space 2560K, 98% used [0x000000076bb00000,0x000000076bd78020,0x000000076bd80000)
  to   space 5120K, 0% used [0x000000076d000000,0x000000076d000000,0x000000076d500000)
 ParOldGen       total 44032K, used 4342K [0x00000006c0000000, 0x00000006c2b00000, 0x000000076ab00000)
  object space 44032K, 9% used [0x00000006c0000000,0x00000006c043d888,0x00000006c2b00000)
 Metaspace       used 13104K, capacity 13380K, committed 13696K, reserved 1060864K
  class space    used 1788K, capacity 1908K, committed 1920K, reserved 1048576K
Event: 12.671 GC heap after
Heap after GC invocations=6 (full 0):
 PSYoungGen      total 37888K, used 4372K [0x000000076ab00000, 0x000000076d500000, 0x00000007c0000000)
  eden space 32768K, 0% used [0x000000076ab00000,0x000000076ab00000,0x000000076cb00000)
  from space 5120K, 85% used [0x000000076d000000,0x000000076d445368,0x000000076d500000)
  to   space 5120K, 0% used [0x000000076cb00000,0x000000076cb00000,0x000000076d000000)
 ParOldGen       total 44032K, used 4350K [0x00000006c0000000, 0x00000006c2b00000, 0x000000076ab00000)
  object space 44032K, 9% used [0x00000006c0000000,0x00000006c043f888,0x00000006c2b00000)
 Metaspace       used 13104K, capacity 13380K, committed 13696K, reserved 1060864K
  class space    used 1788K, capacity 1908K, committed 1920K, reserved 1048576K
}

